<?xml version="1.0" encoding="utf-8"?><testsuites name="pytest tests"><testsuite name="pytest" errors="0" failures="0" skipped="0" tests="15" time="5.976" timestamp="2026-03-23T18:43:53.292468+00:00" hostname="agent-env-81b9b835-4036-45a9-8b05-eb6850389492"><testcase classname="backend.tests.test_arbeidsflyt.TestJobs" name="test_get_jobs_returns_list" time="0.288" /><testcase classname="backend.tests.test_arbeidsflyt.TestJobs" name="test_seeded_jobs_exist" time="0.574" /><testcase classname="backend.tests.test_arbeidsflyt.TestJobs" name="test_create_job" time="0.303" /><testcase classname="backend.tests.test_arbeidsflyt.TestJobs" name="test_create_job_with_tasks" time="0.398" /><testcase classname="backend.tests.test_arbeidsflyt.TestJobs" name="test_get_job_by_id" time="0.373" /><testcase classname="backend.tests.test_arbeidsflyt.TestJobs" name="test_update_job" time="0.496" /><testcase classname="backend.tests.test_arbeidsflyt.TestJobs" name="test_delete_job" time="0.614" /><testcase classname="backend.tests.test_arbeidsflyt.TestJobs" name="test_get_nonexistent_job" time="0.299" /><testcase classname="backend.tests.test_arbeidsflyt.TestSessions" name="test_create_session" time="0.378" /><testcase classname="backend.tests.test_arbeidsflyt.TestSessions" name="test_get_session" time="0.416" /><testcase classname="backend.tests.test_arbeidsflyt.TestSessions" name="test_update_session_with_answers" time="0.286" /><testcase classname="backend.tests.test_arbeidsflyt.TestSessions" name="test_complete_session" time="0.343" /><testcase classname="backend.tests.test_arbeidsflyt.TestConfig" name="test_export_config" time="0.264" /><testcase classname="backend.tests.test_arbeidsflyt.TestConfig" name="test_import_config" time="0.244" /><testcase classname="backend.tests.test_arbeidsflyt.TestConfig" name="test_seed_endpoint" time="0.216" /></testsuite></testsuites>